-------------------------------------------------------------------------------
Test set: sec.helloweb.HelloWebTest
-------------------------------------------------------------------------------
Tests run: 1, Failures: 1, Errors: 0, Skipped: 0, Time elapsed: 1.965 sec <<< FAILURE! - in sec.helloweb.HelloWebTest
helloWorldTest(sec.helloweb.HelloWebTest)  Time elapsed: 0.103 sec  <<< FAILURE!
java.lang.AssertionError: Response content expected:<Hello Web!> but was:<Hello Secret!>
	at org.springframework.test.util.AssertionErrors.fail(AssertionErrors.java:54)
	at org.springframework.test.util.AssertionErrors.assertEquals(AssertionErrors.java:81)
	at org.springframework.test.web.servlet.result.ContentResultMatchers$5.match(ContentResultMatchers.java:149)
	at org.springframework.test.web.servlet.MockMvc$1.andExpect(MockMvc.java:171)
	at sec.helloweb.HelloWebTest.helloWorldTest(HelloWebTest.java:24)

