<?xml version="1.0" encoding="UTF-8"?>
<testsuite name="sec.helloweb.HelloWebTest" time="0.103" tests="1" errors="0" skipped="0" failures="1">
  <properties>
[...]
</properties>
  <testcase name="helloWorldTest" classname="sec.helloweb.HelloWebTest" time="0.103">
    <failure message="Response content expected:&lt;Hello Web!&gt; but was:&lt;Hello Secret!&gt;" type="java.lang.AssertionError"><![CDATA[java.lang.AssertionError: Response content expected:<Hello Web!> but was:<Hello Secret!>
	at org.springframework.test.util.AssertionErrors.fail(AssertionErrors.java:54)
	at org.springframework.test.util.AssertionErrors.assertEquals(AssertionErrors.java:81)
	at org.springframework.test.web.servlet.result.ContentResultMatchers$5.match(ContentResultMatchers.java:149)
	at org.springframework.test.web.servlet.MockMvc$1.andExpect(MockMvc.java:171)
	at sec.helloweb.HelloWebTest.helloWorldTest(HelloWebTest.java:24)
]]></failure>
    <system-out><![CDATA[20:52:27.903 [main] DEBUG org.springframework.test.context.junit4.SpringJUnit4ClassRunner - SpringJUnit4ClassRunner constructor called with [class sec.helloweb.HelloWebTest]
20:52:27.911 [main] DEBUG org.springframework.test.context.BootstrapUtils - Instantiating CacheAwareContextLoaderDelegate from class [org.springframework.test.context.cache.DefaultCacheAwareContextLoaderDelegate]
20:52:27.942 [main] DEBUG org.springframework.test.context.BootstrapUtils - Instantiating BootstrapContext using constructor [public org.springframework.test.context.support.DefaultBootstrapContext(java.lang.Class,org.springframework.test.context.CacheAwareContextLoaderDelegate)]
20:52:27.955 [main] DEBUG org.springframework.test.context.BootstrapUtils - Instantiating TestContextBootstrapper for test class [sec.helloweb.HelloWebTest] from class [org.springframework.boot.test.autoconfigure.web.servlet.WebMvcTestContextBootstrapper]
20:52:27.976 [main] INFO org.springframework.boot.test.autoconfigure.web.servlet.WebMvcTestContextBootstrapper - Neither @ContextConfiguration nor @ContextHierarchy found for test class [sec.helloweb.HelloWebTest], using SpringBootContextLoader
20:52:27.980 [main] DEBUG org.springframework.test.context.support.AbstractContextLoader - Did not detect default resource location for test class [sec.helloweb.HelloWebTest]: class path resource [sec/helloweb/HelloWebTest-context.xml] does not exist
20:52:27.980 [main] DEBUG org.springframework.test.context.support.AbstractContextLoader - Did not detect default resource location for test class [sec.helloweb.HelloWebTest]: class path resource [sec/helloweb/HelloWebTestContext.groovy] does not exist
20:52:27.981 [main] INFO org.springframework.test.context.support.AbstractContextLoader - Could not detect default resource locations for test class [sec.helloweb.HelloWebTest]: no resource found for suffixes {-context.xml, Context.groovy}.
20:52:27.981 [main] INFO org.springframework.test.context.support.AnnotationConfigContextLoaderUtils - Could not detect default configuration classes for test class [sec.helloweb.HelloWebTest]: HelloWebTest does not declare any static, non-private, non-final, nested classes annotated with @Configuration.
20:52:28.032 [main] DEBUG org.springframework.test.context.support.ActiveProfilesUtils - Could not find an 'annotation declaring class' for annotation type [org.springframework.test.context.ActiveProfiles] and class [sec.helloweb.HelloWebTest]
20:52:28.070 [main] DEBUG org.springframework.core.env.StandardEnvironment - Adding [systemProperties] PropertySource with lowest search precedence
20:52:28.072 [main] DEBUG org.springframework.core.env.StandardEnvironment - Adding [systemEnvironment] PropertySource with lowest search precedence
20:52:28.072 [main] DEBUG org.springframework.core.env.StandardEnvironment - Initialized StandardEnvironment with PropertySources [systemProperties,systemEnvironment]
20:52:28.081 [main] DEBUG org.springframework.core.io.support.PathMatchingResourcePatternResolver - Resolved classpath location [sec/helloweb/] to resources [URL [file:/E:/03%20-%20Documents/NetBeansProjects/mooc-securing-software-2018/Set1-02.HelloWeb/target/test-classes/sec/helloweb/], URL [file:/E:/03%20-%20Documents/NetBeansProjects/mooc-securing-software-2018/Set1-02.HelloWeb/target/classes/sec/helloweb/]]
20:52:28.082 [main] DEBUG org.springframework.core.io.support.PathMatchingResourcePatternResolver - Looking for matching resources in directory tree [E:\03 - Documents\NetBeansProjects\mooc-securing-software-2018\Set1-02.HelloWeb\target\test-classes\sec\helloweb]
20:52:28.082 [main] DEBUG org.springframework.core.io.support.PathMatchingResourcePatternResolver - Searching directory [E:\03 - Documents\NetBeansProjects\mooc-securing-software-2018\Set1-02.HelloWeb\target\test-classes\sec\helloweb] for files matching pattern [E:/03 - Documents/NetBeansProjects/mooc-securing-software-2018/Set1-02.HelloWeb/target/test-classes/sec/helloweb/*.class]
20:52:28.086 [main] DEBUG org.springframework.core.io.support.PathMatchingResourcePatternResolver - Looking for matching resources in directory tree [E:\03 - Documents\NetBeansProjects\mooc-securing-software-2018\Set1-02.HelloWeb\target\classes\sec\helloweb]
20:52:28.086 [main] DEBUG org.springframework.core.io.support.PathMatchingResourcePatternResolver - Searching directory [E:\03 - Documents\NetBeansProjects\mooc-securing-software-2018\Set1-02.HelloWeb\target\classes\sec\helloweb] for files matching pattern [E:/03 - Documents/NetBeansProjects/mooc-securing-software-2018/Set1-02.HelloWeb/target/classes/sec/helloweb/*.class]
20:52:28.087 [main] DEBUG org.springframework.core.io.support.PathMatchingResourcePatternResolver - Resolved location pattern [classpath*:sec/helloweb/*.class] to resources [file [E:\03 - Documents\NetBeansProjects\mooc-securing-software-2018\Set1-02.HelloWeb\target\test-classes\sec\helloweb\HelloWebTest.class], file [E:\03 - Documents\NetBeansProjects\mooc-securing-software-2018\Set1-02.HelloWeb\target\classes\sec\helloweb\HelloWebApplication.class], file [E:\03 - Documents\NetBeansProjects\mooc-securing-software-2018\Set1-02.HelloWeb\target\classes\sec\helloweb\HelloWebController.class]]
20:52:28.120 [main] DEBUG org.springframework.context.annotation.ClassPathScanningCandidateComponentProvider - Identified candidate component class: file [E:\03 - Documents\NetBeansProjects\mooc-securing-software-2018\Set1-02.HelloWeb\target\classes\sec\helloweb\HelloWebApplication.class]
20:52:28.126 [main] INFO org.springframework.boot.test.context.SpringBootTestContextBootstrapper - Found @SpringBootConfiguration sec.helloweb.HelloWebApplication for test class sec.helloweb.HelloWebTest
20:52:28.130 [main] DEBUG org.springframework.boot.test.autoconfigure.web.servlet.WebMvcTestContextBootstrapper - @TestExecutionListeners is not present for class [sec.helloweb.HelloWebTest]: using defaults.
20:52:28.133 [main] INFO org.springframework.boot.test.autoconfigure.web.servlet.WebMvcTestContextBootstrapper - Loaded default TestExecutionListener class names from location [META-INF/spring.factories]: [org.springframework.boot.test.mock.mockito.MockitoTestExecutionListener, org.springframework.boot.test.mock.mockito.ResetMocksTestExecutionListener, org.springframework.boot.test.autoconfigure.restdocs.RestDocsTestExecutionListener, org.springframework.boot.test.autoconfigure.web.client.MockRestServiceServerResetTestExecutionListener, org.springframework.boot.test.autoconfigure.web.servlet.MockMvcPrintOnlyOnFailureTestExecutionListener, org.springframework.boot.test.autoconfigure.web.servlet.WebDriverTestExecutionListener, org.springframework.test.context.web.ServletTestExecutionListener, org.springframework.test.context.support.DirtiesContextBeforeModesTestExecutionListener, org.springframework.test.context.support.DependencyInjectionTestExecutionListener, org.springframework.test.context.support.DirtiesContextTestExecutionListener, org.springframework.test.context.transaction.TransactionalTestExecutionListener, org.springframework.test.context.jdbc.SqlScriptsTestExecutionListener]
20:52:28.148 [main] INFO org.springframework.boot.test.autoconfigure.web.servlet.WebMvcTestContextBootstrapper - Could not instantiate TestExecutionListener [org.springframework.test.context.transaction.TransactionalTestExecutionListener]. Specify custom listener classes or make the default listener classes (and their required dependencies) available. Offending class: [org/springframework/transaction/interceptor/TransactionAttributeSource]
20:52:28.148 [main] INFO org.springframework.boot.test.autoconfigure.web.servlet.WebMvcTestContextBootstrapper - Could not instantiate TestExecutionListener [org.springframework.test.context.jdbc.SqlScriptsTestExecutionListener]. Specify custom listener classes or make the default listener classes (and their required dependencies) available. Offending class: [org/springframework/transaction/interceptor/TransactionAttribute]
20:52:28.149 [main] INFO org.springframework.boot.test.autoconfigure.web.servlet.WebMvcTestContextBootstrapper - Using TestExecutionListeners: [org.springframework.test.context.web.ServletTestExecutionListener@4f9a3314, org.springframework.test.context.support.DirtiesContextBeforeModesTestExecutionListener@3b2c72c2, org.springframework.boot.test.autoconfigure.SpringBootDependencyInjectionTestExecutionListener@491666ad, org.springframework.test.context.support.DirtiesContextTestExecutionListener@176d53b2, org.springframework.boot.test.autoconfigure.restdocs.RestDocsTestExecutionListener@971d0d8, org.springframework.boot.test.autoconfigure.web.client.MockRestServiceServerResetTestExecutionListener@51931956, org.springframework.boot.test.mock.mockito.ResetMocksTestExecutionListener@2b4a2ec7, org.springframework.boot.test.mock.mockito.MockitoTestExecutionListener@564718df, org.springframework.boot.test.autoconfigure.web.servlet.MockMvcPrintOnlyOnFailureTestExecutionListener@51b7e5df, org.springframework.boot.test.autoconfigure.web.servlet.WebDriverTestExecutionListener@18a70f16]
20:52:28.152 [main] DEBUG org.springframework.test.annotation.ProfileValueUtils - Retrieved @ProfileValueSourceConfiguration [null] for test class [sec.helloweb.HelloWebTest]
20:52:28.152 [main] DEBUG org.springframework.test.annotation.ProfileValueUtils - Retrieved ProfileValueSource type [class org.springframework.test.annotation.SystemProfileValueSource] for class [sec.helloweb.HelloWebTest]
20:52:28.154 [main] DEBUG org.springframework.test.context.junit4.SpringJUnit4ClassRunner - SpringJUnit4ClassRunner constructor called with [class sec.helloweb.HelloWebTest]
20:52:28.155 [main] DEBUG org.springframework.test.context.BootstrapUtils - Instantiating CacheAwareContextLoaderDelegate from class [org.springframework.test.context.cache.DefaultCacheAwareContextLoaderDelegate]
20:52:28.155 [main] DEBUG org.springframework.test.context.BootstrapUtils - Instantiating BootstrapContext using constructor [public org.springframework.test.context.support.DefaultBootstrapContext(java.lang.Class,org.springframework.test.context.CacheAwareContextLoaderDelegate)]
20:52:28.155 [main] DEBUG org.springframework.test.context.BootstrapUtils - Instantiating TestContextBootstrapper for test class [sec.helloweb.HelloWebTest] from class [org.springframework.boot.test.autoconfigure.web.servlet.WebMvcTestContextBootstrapper]
20:52:28.156 [main] INFO org.springframework.boot.test.autoconfigure.web.servlet.WebMvcTestContextBootstrapper - Neither @ContextConfiguration nor @ContextHierarchy found for test class [sec.helloweb.HelloWebTest], using SpringBootContextLoader
20:52:28.157 [main] DEBUG org.springframework.test.context.support.AbstractContextLoader - Did not detect default resource location for test class [sec.helloweb.HelloWebTest]: class path resource [sec/helloweb/HelloWebTest-context.xml] does not exist
20:52:28.157 [main] DEBUG org.springframework.test.context.support.AbstractContextLoader - Did not detect default resource location for test class [sec.helloweb.HelloWebTest]: class path resource [sec/helloweb/HelloWebTestContext.groovy] does not exist
20:52:28.157 [main] INFO org.springframework.test.context.support.AbstractContextLoader - Could not detect default resource locations for test class [sec.helloweb.HelloWebTest]: no resource found for suffixes {-context.xml, Context.groovy}.
20:52:28.158 [main] INFO org.springframework.test.context.support.AnnotationConfigContextLoaderUtils - Could not detect default configuration classes for test class [sec.helloweb.HelloWebTest]: HelloWebTest does not declare any static, non-private, non-final, nested classes annotated with @Configuration.
20:52:28.165 [main] DEBUG org.springframework.test.context.support.ActiveProfilesUtils - Could not find an 'annotation declaring class' for annotation type [org.springframework.test.context.ActiveProfiles] and class [sec.helloweb.HelloWebTest]
20:52:28.166 [main] DEBUG org.springframework.core.env.StandardEnvironment - Adding [systemProperties] PropertySource with lowest search precedence
20:52:28.166 [main] DEBUG org.springframework.core.env.StandardEnvironment - Adding [systemEnvironment] PropertySource with lowest search precedence
20:52:28.166 [main] DEBUG org.springframework.core.env.StandardEnvironment - Initialized StandardEnvironment with PropertySources [systemProperties,systemEnvironment]
20:52:28.166 [main] INFO org.springframework.boot.test.context.SpringBootTestContextBootstrapper - Found @SpringBootConfiguration sec.helloweb.HelloWebApplication for test class sec.helloweb.HelloWebTest
20:52:28.168 [main] DEBUG org.springframework.boot.test.autoconfigure.web.servlet.WebMvcTestContextBootstrapper - @TestExecutionListeners is not present for class [sec.helloweb.HelloWebTest]: using defaults.
20:52:28.170 [main] INFO org.springframework.boot.test.autoconfigure.web.servlet.WebMvcTestContextBootstrapper - Loaded default TestExecutionListener class names from location [META-INF/spring.factories]: [org.springframework.boot.test.mock.mockito.MockitoTestExecutionListener, org.springframework.boot.test.mock.mockito.ResetMocksTestExecutionListener, org.springframework.boot.test.autoconfigure.restdocs.RestDocsTestExecutionListener, org.springframework.boot.test.autoconfigure.web.client.MockRestServiceServerResetTestExecutionListener, org.springframework.boot.test.autoconfigure.web.servlet.MockMvcPrintOnlyOnFailureTestExecutionListener, org.springframework.boot.test.autoconfigure.web.servlet.WebDriverTestExecutionListener, org.springframework.test.context.web.ServletTestExecutionListener, org.springframework.test.context.support.DirtiesContextBeforeModesTestExecutionListener, org.springframework.test.context.support.DependencyInjectionTestExecutionListener, org.springframework.test.context.support.DirtiesContextTestExecutionListener, org.springframework.test.context.transaction.TransactionalTestExecutionListener, org.springframework.test.context.jdbc.SqlScriptsTestExecutionListener]
20:52:28.173 [main] INFO org.springframework.boot.test.autoconfigure.web.servlet.WebMvcTestContextBootstrapper - Could not instantiate TestExecutionListener [org.springframework.test.context.transaction.TransactionalTestExecutionListener]. Specify custom listener classes or make the default listener classes (and their required dependencies) available. Offending class: [org/springframework/transaction/interceptor/TransactionAttributeSource]
20:52:28.173 [main] INFO org.springframework.boot.test.autoconfigure.web.servlet.WebMvcTestContextBootstrapper - Could not instantiate TestExecutionListener [org.springframework.test.context.jdbc.SqlScriptsTestExecutionListener]. Specify custom listener classes or make the default listener classes (and their required dependencies) available. Offending class: [org/springframework/transaction/interceptor/TransactionAttribute]
20:52:28.174 [main] INFO org.springframework.boot.test.autoconfigure.web.servlet.WebMvcTestContextBootstrapper - Using TestExecutionListeners: [org.springframework.test.context.web.ServletTestExecutionListener@20d3d15a, org.springframework.test.context.support.DirtiesContextBeforeModesTestExecutionListener@2893de87, org.springframework.boot.test.autoconfigure.SpringBootDependencyInjectionTestExecutionListener@55ca8de8, org.springframework.test.context.support.DirtiesContextTestExecutionListener@2c34f934, org.springframework.boot.test.autoconfigure.restdocs.RestDocsTestExecutionListener@12d3a4e9, org.springframework.boot.test.autoconfigure.web.client.MockRestServiceServerResetTestExecutionListener@240237d2, org.springframework.boot.test.mock.mockito.ResetMocksTestExecutionListener@25a65b77, org.springframework.boot.test.mock.mockito.MockitoTestExecutionListener@2ed0fbae, org.springframework.boot.test.autoconfigure.web.servlet.MockMvcPrintOnlyOnFailureTestExecutionListener@212bf671, org.springframework.boot.test.autoconfigure.web.servlet.WebDriverTestExecutionListener@14a2f921]
20:52:28.174 [main] DEBUG org.springframework.test.annotation.ProfileValueUtils - Retrieved @ProfileValueSourceConfiguration [null] for test class [sec.helloweb.HelloWebTest]
20:52:28.174 [main] DEBUG org.springframework.test.annotation.ProfileValueUtils - Retrieved ProfileValueSource type [class org.springframework.test.annotation.SystemProfileValueSource] for class [sec.helloweb.HelloWebTest]
20:52:28.175 [main] DEBUG org.springframework.test.annotation.ProfileValueUtils - Retrieved @ProfileValueSourceConfiguration [null] for test class [sec.helloweb.HelloWebTest]
20:52:28.175 [main] DEBUG org.springframework.test.annotation.ProfileValueUtils - Retrieved ProfileValueSource type [class org.springframework.test.annotation.SystemProfileValueSource] for class [sec.helloweb.HelloWebTest]
20:52:28.181 [main] DEBUG org.springframework.test.context.support.AbstractDirtiesContextTestExecutionListener - Before test class: context [DefaultTestContext@3ee0fea4 testClass = HelloWebTest, testInstance = [null], testMethod = [null], testException = [null], mergedContextConfiguration = [WebMergedContextConfiguration@48524010 testClass = HelloWebTest, locations = '{}', classes = '{class sec.helloweb.HelloWebApplication}', contextInitializerClasses = '[]', activeProfiles = '{}', propertySourceLocations = '{}', propertySourceProperties = '{org.springframework.boot.test.autoconfigure.web.servlet.WebMvcTestContextBootstrapper=true}', contextCustomizers = set[org.springframework.boot.test.context.ImportsContextCustomizer@f3a2bcdb, org.springframework.boot.test.context.filter.ExcludeFilterContextCustomizer@4b4523f8, org.springframework.boot.test.mock.mockito.MockitoContextCustomizer@0, org.springframework.boot.test.autoconfigure.OverrideAutoConfigurationContextCustomizerFactory$DisableAutoConfigurationContextCustomizer@5c5a1b69, org.springframework.boot.test.autoconfigure.filter.TypeExcludeFiltersContextCustomizer@2b98378d, org.springframework.boot.test.autoconfigure.properties.PropertyMappingContextCustomizer@be601130, org.springframework.boot.test.autoconfigure.web.servlet.WebDriverContextCustomizerFactory$Customizer@30b8a058], resourceBasePath = '', contextLoader = 'org.springframework.boot.test.context.SpringBootContextLoader', parent = [null]]], class annotated with @DirtiesContext [false] with mode [null].
20:52:28.182 [main] DEBUG org.springframework.test.annotation.ProfileValueUtils - Retrieved @ProfileValueSourceConfiguration [null] for test class [sec.helloweb.HelloWebTest]
20:52:28.182 [main] DEBUG org.springframework.test.annotation.ProfileValueUtils - Retrieved ProfileValueSource type [class org.springframework.test.annotation.SystemProfileValueSource] for class [sec.helloweb.HelloWebTest]
20:52:28.184 [main] DEBUG org.springframework.test.context.support.DependencyInjectionTestExecutionListener - Performing dependency injection for test context [[DefaultTestContext@3ee0fea4 testClass = HelloWebTest, testInstance = sec.helloweb.HelloWebTest@3b938003, testMethod = [null], testException = [null], mergedContextConfiguration = [WebMergedContextConfiguration@48524010 testClass = HelloWebTest, locations = '{}', classes = '{class sec.helloweb.HelloWebApplication}', contextInitializerClasses = '[]', activeProfiles = '{}', propertySourceLocations = '{}', propertySourceProperties = '{org.springframework.boot.test.autoconfigure.web.servlet.WebMvcTestContextBootstrapper=true}', contextCustomizers = set[org.springframework.boot.test.context.ImportsContextCustomizer@f3a2bcdb, org.springframework.boot.test.context.filter.ExcludeFilterContextCustomizer@4b4523f8, org.springframework.boot.test.mock.mockito.MockitoContextCustomizer@0, org.springframework.boot.test.autoconfigure.OverrideAutoConfigurationContextCustomizerFactory$DisableAutoConfigurationContextCustomizer@5c5a1b69, org.springframework.boot.test.autoconfigure.filter.TypeExcludeFiltersContextCustomizer@2b98378d, org.springframework.boot.test.autoconfigure.properties.PropertyMappingContextCustomizer@be601130, org.springframework.boot.test.autoconfigure.web.servlet.WebDriverContextCustomizerFactory$Customizer@30b8a058], resourceBasePath = '', contextLoader = 'org.springframework.boot.test.context.SpringBootContextLoader', parent = [null]]]].
20:52:28.207 [main] DEBUG org.springframework.core.env.StandardEnvironment - Adding [systemProperties] PropertySource with lowest search precedence
20:52:28.207 [main] DEBUG org.springframework.core.env.StandardEnvironment - Adding [systemEnvironment] PropertySource with lowest search precedence
20:52:28.207 [main] DEBUG org.springframework.core.env.StandardEnvironment - Initialized StandardEnvironment with PropertySources [systemProperties,systemEnvironment]
20:52:28.208 [main] DEBUG org.springframework.test.context.support.TestPropertySourceUtils - Adding inlined properties to environment: {spring.jmx.enabled=false, org.springframework.boot.test.autoconfigure.web.servlet.WebMvcTestContextBootstrapper=true, server.port=-1}
20:52:28.208 [main] DEBUG org.springframework.core.env.StandardEnvironment - Adding [Inlined Test Properties] PropertySource with highest search precedence

  .   ____          _            __ _ _
 /\\ / ___'_ __ _ _(_)_ __  __ _ \ \ \ \
( ( )\___ | '_ | '_| | '_ \/ _` | \ \ \ \
 \\/  ___)| |_)| | | | | || (_| |  ) ) ) )
  '  |____| .__|_| |_|_| |_\__, | / / / /
 =========|_|==============|___/=/_/_/_/
 :: Spring Boot ::        (v1.4.1.RELEASE)

2018-11-21 20:52:28.619  INFO 4312 --- [           main] sec.helloweb.HelloWebTest                : Starting HelloWebTest on DESKTOP-FVSJ5L1 with PID 4312 (started by flori in E:\03 - Documents\NetBeansProjects\mooc-securing-software-2018\Set1-02.HelloWeb)
2018-11-21 20:52:28.619  INFO 4312 --- [           main] sec.helloweb.HelloWebTest                : No active profile set, falling back to default profiles: default
2018-11-21 20:52:28.635  INFO 4312 --- [           main] o.s.w.c.s.GenericWebApplicationContext   : Refreshing org.springframework.web.context.support.GenericWebApplicationContext@72035809: startup date [Wed Nov 21 20:52:28 CET 2018]; root of context hierarchy
2018-11-21 20:52:29.555  INFO 4312 --- [           main] s.w.s.m.m.a.RequestMappingHandlerAdapter : Looking for @ControllerAdvice: org.springframework.web.context.support.GenericWebApplicationContext@72035809: startup date [Wed Nov 21 20:52:28 CET 2018]; root of context hierarchy
2018-11-21 20:52:29.629  INFO 4312 --- [           main] s.w.s.m.m.a.RequestMappingHandlerMapping : Mapped "{[/*]}" onto public java.lang.String sec.helloweb.HelloWebController.home()
2018-11-21 20:52:29.668  INFO 4312 --- [           main] o.s.w.s.handler.SimpleUrlHandlerMapping  : Mapped URL path [/webjars/**] onto handler of type [class org.springframework.web.servlet.resource.ResourceHttpRequestHandler]
2018-11-21 20:52:29.668  INFO 4312 --- [           main] o.s.w.s.handler.SimpleUrlHandlerMapping  : Mapped URL path [/**] onto handler of type [class org.springframework.web.servlet.resource.ResourceHttpRequestHandler]
2018-11-21 20:52:29.713  INFO 4312 --- [           main] o.s.w.s.handler.SimpleUrlHandlerMapping  : Mapped URL path [/**/favicon.ico] onto handler of type [class org.springframework.web.servlet.resource.ResourceHttpRequestHandler]
2018-11-21 20:52:29.846  INFO 4312 --- [           main] o.s.b.t.m.w.SpringBootMockServletContext : Initializing Spring FrameworkServlet ''
2018-11-21 20:52:29.847  INFO 4312 --- [           main] o.s.t.web.servlet.TestDispatcherServlet  : FrameworkServlet '': initialization started
2018-11-21 20:52:29.864  INFO 4312 --- [           main] o.s.t.web.servlet.TestDispatcherServlet  : FrameworkServlet '': initialization completed in 17 ms
2018-11-21 20:52:30.008  INFO 4312 --- [           main] sec.helloweb.HelloWebTest                : Started HelloWebTest in 1.787 seconds (JVM running for 2.494)

MockHttpServletRequest:
      HTTP Method = GET
      Request URI = /
       Parameters = {}
          Headers = {}

Handler:
             Type = sec.helloweb.HelloWebController
           Method = public java.lang.String sec.helloweb.HelloWebController.home()

Async:
    Async started = false
     Async result = null

Resolved Exception:
             Type = null

ModelAndView:
        View name = null
             View = null
            Model = null

FlashMap:
       Attributes = null

MockHttpServletResponse:
           Status = 200
    Error message = null
          Headers = {Content-Type=[text/plain;charset=UTF-8], Content-Length=[13]}
     Content type = text/plain;charset=UTF-8
             Body = Hello Secret!
    Forwarded URL = null
   Redirected URL = null
          Cookies = []
]]></system-out>
  </testcase>
</testsuite>